#                                                                                                       --- full sequence --- -------------- this domain -------------   hmm coord   ali coord   env coord
# target name                             accession   tlen query name                 accession   qlen   E-value  score  bias   #  of  c-Evalue  i-Evalue  score  bias  from    to  from    to  from    to  acc description of target
#                     ------------------- ---------- -----       -------------------- ---------- ----- --------- ------ ----- --- --- --------- --------- ------ ----- ----- ----- ----- ----- ----- ----- ---- ---------------------
7cd39d37a74caba77105c3af916271f3_2_[none] -             38 aa-activating-core.198-334 -            166       0.1   12.7   0.5   1   1   0.00015      0.11   12.6   0.5    33    50    21    38    20    38 0.93 -
8bb87ba8d77f32f98460c0ddf9495396_2_[none] -             38 aa-activating-core.198-334 -            166      0.24   11.5   0.8   1   1   0.00035      0.26   11.4   0.8    33    50    21    38    20    38 0.92 -
e0fa00861dbf7b71916e1afd1560e319_2_[none] -             38 aa-activating-core.198-334 -            166      0.24   11.5   0.8   1   1   0.00035      0.26   11.4   0.8    33    50    21    38    20    38 0.92 -
d2499cf0347db049fd2c5ad25adc0275_2_[none] -             38 aa-activating-core.198-334 -            166      0.26   11.4   0.2   1   1   0.00039      0.29   11.2   0.2    33    50    21    38    20    38 0.93 -
f6b6754780c179d00caf2f3aec3068ac_2_[none] -             38 aa-activating-core.198-334 -            166      0.26   11.4   0.2   1   1   0.00039      0.29   11.2   0.2    33    50    21    38    20    38 0.93 -
5e6f7955381215cfb0776052d8299ba8_2_[none] -             38 aa-activating-core.198-334 -            166      0.33   11.0   1.2   1   1   0.00049      0.36   10.9   1.2    33    50    21    38    20    38 0.92 -
3ea44de82d8d5554b1e4546164855a9d_2_[none] -             38 aa-activating-core.198-334 -            166      0.35   10.9   0.5   1   1   0.00052      0.38   10.8   0.5    33    50    21    38    20    38 0.92 -
9268b1d7f769b1ea24b4822728554747_2_[none] -             38 aa-activating-core.198-334 -            166      0.35   10.9   0.5   1   1   0.00052      0.38   10.8   0.5    33    50    21    38    20    38 0.92 -
d9abe1fef3bae9dabf758d07245c2623_2_[none] -             38 aa-activating-core.198-334 -            166      0.35   10.9   0.5   1   1   0.00052      0.38   10.8   0.5    33    50    21    38    20    38 0.92 -
f0b5c14fe0845b324fe694d9311a73df_2_[none] -             38 aa-activating-core.198-334 -            166      0.35   10.9   0.5   1   1   0.00052      0.38   10.8   0.5    33    50    21    38    20    38 0.92 -
6c4d70ee8e504714efed0343a3e04375_2_[none] -             38 aa-activating-core.198-334 -            166      0.35   10.9   1.6   1   1   0.00052      0.39   10.8   1.6    34    50    22    38    20    38 0.92 -
0cd3308295e7423ccf3f9143a5fd144e_2_[none] -             38 aa-activating-core.198-334 -            166      0.35   10.9   0.3   1   1   0.00053      0.39   10.8   0.3    33    50    21    38    20    38 0.92 -
b6bb7b546a43d4295f1b3a12e4c9fd73_2_[none] -             38 aa-activating-core.198-334 -            166      0.35   10.9   0.3   1   1   0.00053      0.39   10.8   0.3    33    50    21    38    20    38 0.92 -
feb54fb1b101651ad08891b90ba85b46_2_[none] -             38 aa-activating-core.198-334 -            166      0.49   10.5   0.1   1   1   0.00072      0.53   10.4   0.1    33    50    21    38    20    38 0.93 -
e0a05b989e2244562badbe77098f84de_2_[none] -             38 aa-activating-core.198-334 -            166      0.49   10.5   0.2   1   1   0.00073      0.54   10.3   0.2    34    50    22    38    22    38 0.94 -
fbe3b1a2fe9cdacf390dfe46d114a5e2_2_[none] -             38 aa-activating-core.198-334 -            166      0.52   10.4   0.2   1   1   0.00078      0.58   10.2   0.2    35    50    23    38    22    38 0.95 -
6b05e601705c39b2550edabac1286570_2_[none] -             38 aa-activating-core.198-334 -            166      0.56   10.3   0.3   1   1   0.00079      0.59   10.2   0.3    35    50    23    38    22    38 0.87 -
3b3a22069a06ae72d230b15e80595d9c_2_[none] -             38 aa-activating-core.198-334 -            166      0.57   10.3   1.0   1   1   0.00082      0.61   10.2   1.0    33    49    21    37    20    38 0.90 -
e5dca635509699de24b9faa9dc34c021_2_[none] -             38 aa-activating-core.198-334 -            166      0.62   10.1   0.2   1   1    0.0009      0.67   10.0   0.2    33    50    21    38    20    38 0.90 -
#
# Program:         hmmsearch
# Version:         3.1b2 (February 2015)
# Pipeline mode:   SEARCH
# Query file:      /Users/robi0916/Documents/Wageningen_UR/github/adenylpred_dev/data/a_dom.hmm
# Target file:     data/vittorio_amplicons_aligned_NRPS_Adomain.fasta
# Option settings: hmmsearch --domtblout temp.out --domT 10 --cpu 3 /Users/robi0916/Documents/Wageningen_UR/github/adenylpred_dev/data/a_dom.hmm data/vittorio_amplicons_aligned_NRPS_Adomain.fasta 
# Current dir:     /Users/robi0916/Documents/Wageningen_UR/github/adenylpred_dev
# Date:            Fri Jun  7 13:37:52 2019
# [ok]
